#
# There is insufficient memory for the Java Runtime Environment to continue.
# Native memory allocation (malloc) failed to allocate 32744 bytes for ChunkPool::allocate
# Possible reasons:
#   The system is out of physical RAM or swap space
#   In 32 bit mode, the process size limit was hit
# Possible solutions:
#   Reduce memory load on the system
#   Increase physical memory or swap space
#   Check if swap backing store is full
#   Use 64 bit Java on a 64 bit OS
#   Decrease Java heap size (-Xmx/-Xms)
#   Decrease number of Java threads
#   Decrease Java thread stack sizes (-Xss)
#   Set larger code cache with -XX:ReservedCodeCacheSize=
# This output file may be truncated or incomplete.
#
#  Out of Memory Error (allocation.cpp:273), pid=1856, tid=0x00000000000024ac
#
# JRE version: Java(TM) SE Runtime Environment (8.0_144-b01) (build 1.8.0_144-b01)
# Java VM: Java HotSpot(TM) 64-Bit Server VM (25.144-b01 mixed mode windows-amd64 compressed oops)
# Failed to write core dump. Minidumps are not enabled by default on client versions of Windows
#

---------------  T H R E A D  ---------------

Current thread (0x0000000019d5d000):  JavaThread "C2 CompilerThread1" daemon [_thread_in_native, id=9388, stack(0x000000001b7a0000,0x000000001b8a0000)]

Stack: [0x000000001b7a0000,0x000000001b8a0000]
[error occurred during error reporting (printing stack bounds), id 0xc0000005]

Native frames: (J=compiled Java code, j=interpreted, Vv=VM code, C=native code)


Current CompileTask:
C2:   2716 1325   !   4       java.net.URLClassLoader$1::run (63 bytes)


---------------  P R O C E S S  ---------------

Java Threads: ( => current thread )
  0x000000001b104800 JavaThread "Service Thread" daemon [_thread_blocked, id=2384, stack(0x000000001b9a0000,0x000000001baa0000)]
  0x000000001b0fc000 JavaThread "C1 CompilerThread2" daemon [_thread_blocked, id=12316, stack(0x000000001b8a0000,0x000000001b9a0000)]
=>0x0000000019d5d000 JavaThread "C2 CompilerThread1" daemon [_thread_in_native, id=9388, stack(0x000000001b7a0000,0x000000001b8a0000)]
  0x0000000019d5b000 JavaThread "C2 CompilerThread0" daemon [_thread_in_native, id=4200, stack(0x000000001b6a0000,0x000000001b7a0000)]
  0x0000000019d59000 JavaThread "Attach Listener" daemon [_thread_blocked, id=2132, stack(0x000000001b5a0000,0x000000001b6a0000)]
  0x000000001b0e3800 JavaThread "Signal Dispatcher" daemon [_thread_blocked, id=2020, stack(0x000000001b4a0000,0x000000001b5a0000)]
  0x00000000051dc000 JavaThread "Finalizer" daemon [_thread_blocked, id=12376, stack(0x000000001afa0000,0x000000001b0a0000)]
  0x0000000019d09000 JavaThread "Reference Handler" daemon [_thread_blocked, id=6848, stack(0x000000001aea0000,0x000000001afa0000)]
  0x0000000004fde800 JavaThread "main" [_thread_blocked, id=4296, stack(0x0000000004fe0000,0x00000000050e0000)]

Other Threads:
  0x0000000019d07800 VMThread [stack: 0x000000001ada0000,0x000000001aea0000] [id=11456]
  0x000000001b16d000 WatcherThread [stack: 0x000000001baa0000,0x000000001bba0000] [id=9692]

VM state:at safepoint (normal execution)

VM Mutex/Monitor currently owned by a thread:  ([mutex/lock_event])
[0x0000000004fdd220] Threads_lock - owner thread: 0x0000000019d07800
[0x0000000004fddaa0] Heap_lock - owner thread: 0x0000000004fde800

Heap:
 PSYoungGen      total 71680K, used 5112K [0x00000000d5d00000, 0x00000000da800000, 0x0000000100000000)
  eden space 66560K, 0% used [0x00000000d5d00000,0x00000000d5d00000,0x00000000d9e00000)
  from space 5120K, 99% used [0x00000000d9e00000,0x00000000da2fe040,0x00000000da300000)
  to   space 5120K, 0% used [0x00000000da300000,0x00000000da300000,0x00000000da800000)
 ParOldGen       total 87552K, used 9886K [0x0000000081600000, 0x0000000086b80000, 0x00000000d5d00000)
  object space 87552K, 11% used [0x0000000081600000,0x0000000081fa7b18,0x0000000086b80000)
 Metaspace       used 20761K, capacity 21080K, committed 21248K, reserved 1067008K
  class space    used 2855K, capacity 2969K, committed 3072K, reserved 1048576K

Card table byte_map: [0x00000000145a0000,0x00000000149a0000] byte_map_base: 0x0000000014195000

Marking Bits: (ParMarkBitMap*) 0x000000006ce8d850
 Begin Bits: [0x0000000015050000, 0x0000000016ff8000)
 End Bits:   [0x0000000016ff8000, 0x0000000018fa0000)

Polling page: 0x0000000003240000

CodeCache: size=245760Kb used=6421Kb max_used=6421Kb free=239338Kb
 bounds [0x00000000051e0000, 0x0000000005830000, 0x00000000141e0000]
 total_blobs=2049 nmethods=1440 adapters=521
 compilation: enabled

Compilation events (10 events):
Event: 2.370 Thread 0x000000001b0fc000 1449       2       org.gradle.internal.service.DefaultServiceRegistry$SingletonService::get (5 bytes)
Event: 2.370 Thread 0x000000001b0fc000 nmethod 1449 0x00000000058263d0 code [0x0000000005826540, 0x00000000058266a8]
Event: 2.370 Thread 0x000000001b0fc000 1450       2       org.gradle.internal.service.DefaultServiceRegistry$ManagedObjectProvider::getInstance (57 bytes)
Event: 2.371 Thread 0x000000001b0fc000 nmethod 1450 0x0000000005826750 code [0x00000000058268c0, 0x0000000005826a68]
Event: 2.371 Thread 0x000000001b0fc000 1451       2       sun.security.util.SignatureFileVerifier::isBlockOrSF (42 bytes)
Event: 2.371 Thread 0x000000001b0fc000 nmethod 1451 0x0000000005826b10 code [0x0000000005826cc0, 0x0000000005826f98]
Event: 2.371 Thread 0x000000001b0fc000 1452  s    2       java.io.ExpiringCache::get (39 bytes)
Event: 2.371 Thread 0x000000001b0fc000 nmethod 1452 0x0000000005827310 code [0x0000000005827480, 0x00000000058277f8]
Event: 2.381 Thread 0x000000001b0fc000 1453       1       java.security.PermissionCollection::isReadOnly (5 bytes)
Event: 2.381 Thread 0x000000001b0fc000 nmethod 1453 0x0000000005827b50 code [0x0000000005827ca0, 0x0000000005827db0]

GC Heap History (8 events):
Event: 0.706 GC heap before
{Heap before GC invocations=1 (full 0):
 PSYoungGen      total 38400K, used 33280K [0x00000000d5d00000, 0x00000000d8780000, 0x0000000100000000)
  eden space 33280K, 100% used [0x00000000d5d00000,0x00000000d7d80000,0x00000000d7d80000)
  from space 5120K, 0% used [0x00000000d8280000,0x00000000d8280000,0x00000000d8780000)
  to   space 5120K, 0% used [0x00000000d7d80000,0x00000000d7d80000,0x00000000d8280000)
 ParOldGen       total 87552K, used 0K [0x0000000081600000, 0x0000000086b80000, 0x00000000d5d00000)
  object space 87552K, 0% used [0x0000000081600000,0x0000000081600000,0x0000000086b80000)
 Metaspace       used 7890K, capacity 8202K, committed 8448K, reserved 1056768K
  class space    used 1059K, capacity 1154K, committed 1280K, reserved 1048576K
Event: 0.709 GC heap after
Heap after GC invocations=1 (full 0):
 PSYoungGen      total 38400K, used 5007K [0x00000000d5d00000, 0x00000000d8780000, 0x0000000100000000)
  eden space 33280K, 0% used [0x00000000d5d00000,0x00000000d5d00000,0x00000000d7d80000)
  from space 5120K, 97% used [0x00000000d7d80000,0x00000000d8263ee8,0x00000000d8280000)
  to   space 5120K, 0% used [0x00000000d8280000,0x00000000d8280000,0x00000000d8780000)
 ParOldGen       total 87552K, used 8K [0x0000000081600000, 0x0000000086b80000, 0x00000000d5d00000)
  object space 87552K, 0% used [0x0000000081600000,0x0000000081602000,0x0000000086b80000)
 Metaspace       used 7890K, capacity 8202K, committed 8448K, reserved 1056768K
  class space    used 1059K, capacity 1154K, committed 1280K, reserved 1048576K
}
Event: 1.060 GC heap before
{Heap before GC invocations=2 (full 0):
 PSYoungGen      total 38400K, used 38287K [0x00000000d5d00000, 0x00000000d8780000, 0x0000000100000000)
  eden space 33280K, 100% used [0x00000000d5d00000,0x00000000d7d80000,0x00000000d7d80000)
  from space 5120K, 97% used [0x00000000d7d80000,0x00000000d8263ee8,0x00000000d8280000)
  to   space 5120K, 0% used [0x00000000d8280000,0x00000000d8280000,0x00000000d8780000)
 ParOldGen       total 87552K, used 8K [0x0000000081600000, 0x0000000086b80000, 0x00000000d5d00000)
  object space 87552K, 0% used [0x0000000081600000,0x0000000081602000,0x0000000086b80000)
 Metaspace       used 11278K, capacity 11524K, committed 11648K, reserved 1058816K
  class space    used 1581K, capacity 1644K, committed 1664K, reserved 1048576K
Event: 1.067 GC heap after
Heap after GC invocations=2 (full 0):
 PSYoungGen      total 38400K, used 5101K [0x00000000d5d00000, 0x00000000da800000, 0x0000000100000000)
  eden space 33280K, 0% used [0x00000000d5d00000,0x00000000d5d00000,0x00000000d7d80000)
  from space 5120K, 99% used [0x00000000d8280000,0x00000000d877b700,0x00000000d8780000)
  to   space 5120K, 0% used [0x00000000d7d80000,0x00000000d7d80000,0x00000000d8280000)
 ParOldGen       total 87552K, used 1197K [0x0000000081600000, 0x0000000086b80000, 0x00000000d5d00000)
  object space 87552K, 1% used [0x0000000081600000,0x000000008172b600,0x0000000086b80000)
 Metaspace       used 11278K, capacity 11524K, committed 11648K, reserved 1058816K
  class space    used 1581K, capacity 1644K, committed 1664K, reserved 1048576K
}
Event: 1.960 GC heap before
{Heap before GC invocations=3 (full 0):
 PSYoungGen      total 38400K, used 38343K [0x00000000d5d00000, 0x00000000da800000, 0x0000000100000000)
  eden space 33280K, 99% used [0x00000000d5d00000,0x00000000d7d766d0,0x00000000d7d80000)
  from space 5120K, 99% used [0x00000000d8280000,0x00000000d877b700,0x00000000d8780000)
  to   space 5120K, 0% used [0x00000000d7d80000,0x00000000d7d80000,0x00000000d8280000)
 ParOldGen       total 87552K, used 1197K [0x0000000081600000, 0x0000000086b80000, 0x00000000d5d00000)
  object space 87552K, 1% used [0x0000000081600000,0x000000008172b600,0x0000000086b80000)
 Metaspace       used 16720K, capacity 17014K, committed 17280K, reserved 1064960K
  class space    used 2299K, capacity 2384K, committed 2432K, reserved 1048576K
Event: 1.969 GC heap after
Heap after GC invocations=3 (full 0):
 PSYoungGen      total 38400K, used 5111K [0x00000000d5d00000, 0x00000000da800000, 0x0000000100000000)
  eden space 33280K, 0% used [0x00000000d5d00000,0x00000000d5d00000,0x00000000d7d80000)
  from space 5120K, 99% used [0x00000000d7d80000,0x00000000d827dc20,0x00000000d8280000)
  to   space 5120K, 0% used [0x00000000da300000,0x00000000da300000,0x00000000da800000)
 ParOldGen       total 87552K, used 5549K [0x0000000081600000, 0x0000000086b80000, 0x00000000d5d00000)
  object space 87552K, 6% used [0x0000000081600000,0x0000000081b6b728,0x0000000086b80000)
 Metaspace       used 16720K, capacity 17014K, committed 17280K, reserved 1064960K
  class space    used 2299K, capacity 2384K, committed 2432K, reserved 1048576K
}
Event: 2.386 GC heap before
{Heap before GC invocations=4 (full 0):
 PSYoungGen      total 38400K, used 38391K [0x00000000d5d00000, 0x00000000da800000, 0x0000000100000000)
  eden space 33280K, 100% used [0x00000000d5d00000,0x00000000d7d80000,0x00000000d7d80000)
  from space 5120K, 99% used [0x00000000d7d80000,0x00000000d827dc20,0x00000000d8280000)
  to   space 5120K, 0% used [0x00000000da300000,0x00000000da300000,0x00000000da800000)
 ParOldGen       total 87552K, used 5549K [0x0000000081600000, 0x0000000086b80000, 0x00000000d5d00000)
  object space 87552K, 6% used [0x0000000081600000,0x0000000081b6b728,0x0000000086b80000)
 Metaspace       used 20364K, capacity 20664K, committed 20864K, reserved 1067008K
  class space    used 2817K, capacity 2937K, committed 2944K, reserved 1048576K
Event: 2.396 GC heap after
Heap after GC invocations=4 (full 0):
 PSYoungGen      total 71680K, used 5096K [0x00000000d5d00000, 0x00000000da800000, 0x0000000100000000)
  eden space 66560K, 0% used [0x00000000d5d00000,0x00000000d5d00000,0x00000000d9e00000)
  from space 5120K, 99% used [0x00000000da300000,0x00000000da7fa030,0x00000000da800000)
  to   space 5120K, 0% used [0x00000000d9e00000,0x00000000d9e00000,0x00000000da300000)
 ParOldGen       total 87552K, used 9457K [0x0000000081600000, 0x0000000086b80000, 0x00000000d5d00000)
  object space 87552K, 10% used [0x0000000081600000,0x0000000081f3c560,0x0000000086b80000)
 Metaspace       used 20364K, capacity 20664K, committed 20864K, reserved 1067008K
  class space    used 2817K, capacity 2937K, committed 2944K, reserved 1048576K
}

Deoptimization events (10 events):
Event: 2.139 Thread 0x0000000004fde800 Uncommon trap: reason=unstable_if action=reinterpret pc=0x000000000558a8cc method=java.util.HashMap.hash(Ljava/lang/Object;)I @ 1
Event: 2.139 Thread 0x0000000004fde800 Uncommon trap: reason=unstable_if action=reinterpret pc=0x000000000558b6b4 method=java.util.HashMap.putVal(ILjava/lang/Object;Ljava/lang/Object;ZZ)Ljava/lang/Object; @ 85
Event: 2.153 Thread 0x0000000004fde800 Uncommon trap: reason=class_check action=maybe_recompile pc=0x0000000005551dc0 method=java.lang.reflect.Method.equals(Ljava/lang/Object;)Z @ 5
Event: 2.154 Thread 0x0000000004fde800 Uncommon trap: reason=class_check action=maybe_recompile pc=0x0000000005551dc0 method=java.lang.reflect.Method.equals(Ljava/lang/Object;)Z @ 5
Event: 2.201 Thread 0x0000000004fde800 Uncommon trap: reason=unstable_if action=reinterpret pc=0x00000000054d03f0 method=java.util.LinkedHashMap.afterNodeInsertion(Z)V @ 1
Event: 2.239 Thread 0x0000000004fde800 Uncommon trap: reason=class_check action=maybe_recompile pc=0x0000000005551dc0 method=java.lang.reflect.Method.equals(Ljava/lang/Object;)Z @ 5
Event: 2.239 Thread 0x0000000004fde800 Uncommon trap: reason=class_check action=maybe_recompile pc=0x0000000005551dc0 method=java.lang.reflect.Method.equals(Ljava/lang/Object;)Z @ 5
Event: 2.311 Thread 0x0000000004fde800 Uncommon trap: reason=class_check action=maybe_recompile pc=0x00000000053c53c4 method=sun.misc.URLClassPath.getLoader(I)Lsun/misc/URLClassPath$Loader; @ 94
Event: 2.314 Thread 0x0000000004fde800 Uncommon trap: reason=null_check action=make_not_entrant pc=0x00000000057b23a4 method=org.codehaus.groovy.reflection.ClassInfo.getLocalClassInfoMap()Lorg/codehaus/groovy/reflection/ClassInfo$LocalMap; @ 6
Event: 2.316 Thread 0x0000000004fde800 Uncommon trap: reason=class_check action=maybe_recompile pc=0x00000000053b624c method=sun.misc.URLClassPath.getLoader(I)Lsun/misc/URLClassPath$Loader; @ 239

Internal exceptions (10 events):
Event: 2.319 Thread 0x0000000004fde800 Exception <a 'java/lang/ClassNotFoundException': org/gradle/api/internal/project/ProjectScriptCustomizer> (0x00000000d7810f30) thrown at [C:\re\workspace\8-2-build-windows-amd64-cygwin\jdk8u144\9417\hotspot\src\share\vm\classfile\systemDictionary.cpp, lin
Event: 2.321 Thread 0x0000000004fde800 Exception <a 'java/lang/ClassNotFoundException': build_7bo9m0zvoru47bz7ardvjpa2mCustomizer> (0x00000000d782e6e8) thrown at [C:\re\workspace\8-2-build-windows-amd64-cygwin\jdk8u144\9417\hotspot\src\share\vm\classfile\systemDictionary.cpp, line 210]
Event: 2.324 Thread 0x0000000004fde800 Exception <a 'java/lang/ClassNotFoundException': groovy/lang/Closure$1BeanInfo> (0x00000000d786e940) thrown at [C:\re\workspace\8-2-build-windows-amd64-cygwin\jdk8u144\9417\hotspot\src\share\vm\classfile\systemDictionary.cpp, line 210]
Event: 2.324 Thread 0x0000000004fde800 Exception <a 'java/lang/ClassNotFoundException': groovy/lang/ClosureBeanInfo> (0x00000000d78825c0) thrown at [C:\re\workspace\8-2-build-windows-amd64-cygwin\jdk8u144\9417\hotspot\src\share\vm\classfile\systemDictionary.cpp, line 210]
Event: 2.325 Thread 0x0000000004fde800 Exception <a 'java/lang/ClassNotFoundException': groovy/lang/ClosureCustomizer> (0x00000000d78969e8) thrown at [C:\re\workspace\8-2-build-windows-amd64-cygwin\jdk8u144\9417\hotspot\src\share\vm\classfile\systemDictionary.cpp, line 210]
Event: 2.327 Thread 0x0000000004fde800 Exception <a 'java/lang/ClassNotFoundException': groovy/lang/Closure$1Customizer> (0x00000000d78d3ee8) thrown at [C:\re\workspace\8-2-build-windows-amd64-cygwin\jdk8u144\9417\hotspot\src\share\vm\classfile\systemDictionary.cpp, line 210]
Event: 2.365 Thread 0x0000000004fde800 Exception <a 'java/lang/ClassNotFoundException': org/gradle/internal/metaobject/ConfigureDelegateBeanInfo> (0x00000000d7aa8dc0) thrown at [C:\re\workspace\8-2-build-windows-amd64-cygwin\jdk8u144\9417\hotspot\src\share\vm\classfile\systemDictionary.cpp, li
Event: 2.365 Thread 0x0000000004fde800 Exception <a 'java/lang/ClassNotFoundException': org/gradle/internal/metaobject/ConfigureDelegateCustomizer> (0x00000000d7ac69e0) thrown at [C:\re\workspace\8-2-build-windows-amd64-cygwin\jdk8u144\9417\hotspot\src\share\vm\classfile\systemDictionary.cpp, 
Event: 2.369 Thread 0x0000000004fde800 Exception <a 'java/lang/ClassNotFoundException': org/gradle/api/internal/initialization/DefaultScriptHandlerBeanInfo> (0x00000000d7b1b550) thrown at [C:\re\workspace\8-2-build-windows-amd64-cygwin\jdk8u144\9417\hotspot\src\share\vm\classfile\systemDiction
Event: 2.369 Thread 0x0000000004fde800 Exception <a 'java/lang/ClassNotFoundException': org/gradle/api/internal/initialization/DefaultScriptHandlerCustomizer> (0x00000000d7b3efe8) thrown at [C:\re\workspace\8-2-build-windows-amd64-cygwin\jdk8u144\9417\hotspot\src\share\vm\classfile\systemDicti

Events (10 events):
Event: 2.435 loading class org/codehaus/plexus/interpolation/EnvarBasedValueSource
Event: 2.435 loading class org/codehaus/plexus/interpolation/EnvarBasedValueSource done
Event: 2.436 loading class org/codehaus/plexus/interpolation/os/OperatingSystemUtils
Event: 2.436 loading class org/codehaus/plexus/interpolation/os/OperatingSystemUtils done
Event: 2.437 loading class org/codehaus/plexus/interpolation/os/Os
Event: 2.437 loading class org/codehaus/plexus/interpolation/os/Os done
Event: 2.437 loading class java/lang/ProcessImpl
Event: 2.438 loading class java/lang/ProcessImpl done
Event: 2.465 loading class java/lang/ProcessImpl$2
Event: 2.465 loading class java/lang/ProcessImpl$2 done


Dynamic libraries:
0x00007ff7c3480000 - 0x00007ff7c34b7000 	C:\ProgramData\Oracle\Java\javapath\java.exe
0x00007ffe5f0f0000 - 0x00007ffe5f2d0000 	C:\WINDOWS\SYSTEM32\ntdll.dll
0x00007ffe5c5c0000 - 0x00007ffe5c66e000 	C:\WINDOWS\System32\KERNEL32.DLL
0x00007ffe5c2b0000 - 0x00007ffe5c516000 	C:\WINDOWS\System32\KERNELBASE.dll
0x00007ffe5d870000 - 0x00007ffe5d911000 	C:\WINDOWS\System32\ADVAPI32.dll
0x00007ffe5cb30000 - 0x00007ffe5cbcd000 	C:\WINDOWS\System32\msvcrt.dll
0x00007ffe5d430000 - 0x00007ffe5d48b000 	C:\WINDOWS\System32\sechost.dll
0x00007ffe5dad0000 - 0x00007ffe5dbef000 	C:\WINDOWS\System32\RPCRT4.dll
0x00007ffe5cbd0000 - 0x00007ffe5cd5f000 	C:\WINDOWS\System32\USER32.dll
0x00007ffe5c5a0000 - 0x00007ffe5c5c0000 	C:\WINDOWS\System32\win32u.dll
0x00007ffe5c6d0000 - 0x00007ffe5c6f8000 	C:\WINDOWS\System32\GDI32.dll
0x00007ffe5b760000 - 0x00007ffe5b8f3000 	C:\WINDOWS\System32\gdi32full.dll
0x00007ffe5b4f0000 - 0x00007ffe5b58b000 	C:\WINDOWS\System32\msvcp_win.dll
0x00007ffe5c1b0000 - 0x00007ffe5c2a6000 	C:\WINDOWS\System32\ucrtbase.dll
0x00007ffe4dc20000 - 0x00007ffe4de89000 	C:\WINDOWS\WinSxS\amd64_microsoft.windows.common-controls_6595b64144ccf1df_6.0.16299.125_none_15cbcf8893620c09\COMCTL32.dll
0x00007ffe5d560000 - 0x00007ffe5d868000 	C:\WINDOWS\System32\combase.dll
0x00007ffe5c520000 - 0x00007ffe5c592000 	C:\WINDOWS\System32\bcryptPrimitives.dll
0x00007ffe5c8f0000 - 0x00007ffe5c91d000 	C:\WINDOWS\System32\IMM32.DLL
0x000000006d0a0000 - 0x000000006d172000 	C:\Program Files\Java\jre1.8.0_144\bin\msvcr100.dll
0x000000006c670000 - 0x000000006cf0d000 	C:\Program Files\Java\jre1.8.0_144\bin\server\jvm.dll
0x00007ffe5c720000 - 0x00007ffe5c728000 	C:\WINDOWS\System32\PSAPI.DLL
0x00007ffe53080000 - 0x00007ffe53089000 	C:\WINDOWS\SYSTEM32\WSOCK32.dll
0x00007ffe5cac0000 - 0x00007ffe5cb2c000 	C:\WINDOWS\System32\WS2_32.dll
0x00007ffe57a40000 - 0x00007ffe57a63000 	C:\WINDOWS\SYSTEM32\WINMM.dll
0x00007ffe50f30000 - 0x00007ffe50f3a000 	C:\WINDOWS\SYSTEM32\VERSION.dll
0x00007ffe579e0000 - 0x00007ffe57a0a000 	C:\WINDOWS\SYSTEM32\WINMMBASE.dll
0x00007ffe5ba10000 - 0x00007ffe5ba5a000 	C:\WINDOWS\System32\cfgmgr32.dll
0x000000006d320000 - 0x000000006d32f000 	C:\Program Files\Java\jre1.8.0_144\bin\verify.dll
0x000000006c640000 - 0x000000006c669000 	C:\Program Files\Java\jre1.8.0_144\bin\java.dll
0x000000006d300000 - 0x000000006d316000 	C:\Program Files\Java\jre1.8.0_144\bin\zip.dll
0x00007ffe5dc00000 - 0x00007ffe5f036000 	C:\WINDOWS\System32\SHELL32.dll
0x00007ffe5c840000 - 0x00007ffe5c8e6000 	C:\WINDOWS\System32\shcore.dll
0x00007ffe5ba60000 - 0x00007ffe5c1a7000 	C:\WINDOWS\System32\windows.storage.dll
0x00007ffe5cd70000 - 0x00007ffe5cdc1000 	C:\WINDOWS\System32\shlwapi.dll
0x00007ffe5b460000 - 0x00007ffe5b471000 	C:\WINDOWS\System32\kernel.appcore.dll
0x00007ffe5b480000 - 0x00007ffe5b4cc000 	C:\WINDOWS\System32\powrprof.dll
0x00007ffe5b4d0000 - 0x00007ffe5b4eb000 	C:\WINDOWS\System32\profapi.dll
0x000000006c620000 - 0x000000006c63a000 	C:\Program Files\Java\jre1.8.0_144\bin\net.dll
0x00007ffe5acd0000 - 0x00007ffe5ad36000 	C:\WINDOWS\system32\mswsock.dll
0x000000006c600000 - 0x000000006c611000 	C:\Program Files\Java\jre1.8.0_144\bin\nio.dll
0x00007ffe4c1f0000 - 0x00007ffe4c202000 	C:\Users\LENOVO\.gradle\native\19\windows-amd64\native-platform.dll
0x00007ffe5ae90000 - 0x00007ffe5aea7000 	C:\WINDOWS\SYSTEM32\CRYPTSP.dll
0x00007ffe5a8e0000 - 0x00007ffe5a913000 	C:\WINDOWS\system32\rsaenh.dll
0x00007ffe5afa0000 - 0x00007ffe5afc5000 	C:\WINDOWS\SYSTEM32\bcrypt.dll
0x00007ffe5b370000 - 0x00007ffe5b399000 	C:\WINDOWS\SYSTEM32\USERENV.dll
0x00007ffe5aeb0000 - 0x00007ffe5aebb000 	C:\WINDOWS\SYSTEM32\CRYPTBASE.dll
0x00007ffe5aa60000 - 0x00007ffe5aa99000 	C:\WINDOWS\SYSTEM32\IPHLPAPI.DLL
0x00007ffe5dbf0000 - 0x00007ffe5dbf8000 	C:\WINDOWS\System32\NSI.dll
0x00007ffe56b90000 - 0x00007ffe56ba6000 	C:\WINDOWS\SYSTEM32\dhcpcsvc6.DLL
0x00007ffe56c40000 - 0x00007ffe56c5a000 	C:\WINDOWS\SYSTEM32\dhcpcsvc.DLL
0x000000006c5f0000 - 0x000000006c5fd000 	C:\Program Files\Java\jre1.8.0_144\bin\management.dll

VM Arguments:
jvm_args: -Dorg.gradle.appname=gradlew 
java_command: org.gradle.wrapper.GradleWrapperMain installDebug
java_class_path (initial): D:\react-play\AwesomeProject\android\\gradle\wrapper\gradle-wrapper.jar
Launcher Type: SUN_STANDARD

Environment Variables:
CLASSPATH=D:\react-play\AwesomeProject\android\\gradle\wrapper\gradle-wrapper.jar
PATH=C:\Users\LENOVO\bin;C:\Program Files\Git\mingw64\bin;C:\Program Files\Git\usr\local\bin;C:\Program Files\Git\usr\bin;C:\Program Files\Git\usr\bin;C:\Program Files\Git\mingw64\bin;C:\Program Files\Git\usr\bin;C:\Users\LENOVO\bin;C:\ProgramData\Oracle\Java\javapath;C:\Program Files (x86)\Intel\iCLS Client;C:\Program Files\Intel\iCLS Client;C:\WINDOWS\system32;C:\WINDOWS;C:\WINDOWS\System32\Wbem;C:\WINDOWS\System32\WindowsPowerShell\v1.0;C:\Program Files (x86)\Intel\Intel(R) Management Engine Components\DAL;C:\Program Files\Intel\Intel(R) Management Engine Components\DAL;C:\Program Files (x86)\Intel\Intel(R) Management Engine Components\IPT;C:\Program Files\Intel\Intel(R) Management Engine Components\IPT;C:\Program Files\Git\cmd;C:\Program Files\TortoiseSVN\bin;C:\Users\LENOVO\AppData\Local\Programs\Python\Python36;C:\Program Files (x86)\PuTTY;C:\Program Files\TortoiseGit\bin;C:\Program Files\nodejs;C:\Ruby24-x64\bin\ruby.exe;D:\Program Files\MongoDB\Server\3.6\bin;D:\Android\Sdk\tools;D:\Android\Sdk\platform-tools;C:\Ruby24-x64\bin;C:\Users\LENOVO\AppData\Local\Microsoft\WindowsApps;C:\Program Files (x86)\Microsoft VS Code\bin;C:\Program Files (x86)\Nmap;C:\Users\LENOVO\AppData\Roaming\npm;C:\Program Files\Docker Toolbox;C:\Programs\Fiddler;C:\Program Files\Git\usr\bin\vendor_perl;C:\Program Files\Git\usr\bin\core_perl
USERNAME=cyun
SHELL=C:\Program Files\Git\usr\bin\bash.exe
DISPLAY=needs-to-be-defined
OS=Windows_NT
PROCESSOR_IDENTIFIER=Intel64 Family 6 Model 158 Stepping 9, GenuineIntel



---------------  S Y S T E M  ---------------

OS: Windows 10.0 , 64 bit Build 16299 (10.0.16299.15)

CPU:total 4 (initial active 4) (4 cores per cpu, 1 threads per core) family 6 model 158 stepping 9, cmov, cx8, fxsr, mmx, sse, sse2, sse3, ssse3, sse4.1, sse4.2, popcnt, avx, avx2, aes, clmul, erms, 3dnowpref, lzcnt, tsc, tscinvbit, bmi1, bmi2, adx

Memory: 4k page, physical 8297516k(1141356k free), swap 8297516k(20896k free)

vm_info: Java HotSpot(TM) 64-Bit Server VM (25.144-b01) for windows-amd64 JRE (1.8.0_144-b01), built on Jul 21 2017 21:57:33 by "java_re" with MS VC++ 10.0 (VS2010)

time: Fri Dec 22 15:18:51 2017
elapsed time: 2 seconds (0d 0h 0m 2s)

